<?xml version="1.0" encoding="UTF-8"?>
<testng-results skipped="0" failed="5" ignored="0" total="11" passed="6">
  <reporter-output>
    <line>
      <![CDATA[Click to see screenshot]]>
    </line>
    <line>
      <![CDATA[<a target = "_blank" href=C:\Users\Manisha\IdeaProjects\testng-tutorialninja.com-hw-week15/test-output/html/verifyThatUserShouldLoginAndLogoutSuccessfullyWed_Dec_14_00_02_16_GMT_2022.jpg>Screenshot</a>]]>
    </line>
    <line>
      <![CDATA[<br>]]>
    </line>
    <line>
      <![CDATA[<br>]]>
    </line>
    <line>
      <![CDATA[<a target = "_blank" href=C:\Users\Manisha\IdeaProjects\testng-tutorialninja.com-hw-week15/test-output/html/verifyThatUserShouldLoginAndLogoutSuccessfullyWed_Dec_14_00_02_16_GMT_2022.jpg><img src=C:\Users\Manisha\IdeaProjects\testng-tutorialninja.com-hw-week15/test-output/html/verifyThatUserShouldLoginAndLogoutSuccessfullyWed_Dec_14_00_02_16_GMT_2022.jpg height=200 width=200></img></a>]]>
    </line>
    <line>
      <![CDATA[Click to see screenshot]]>
    </line>
    <line>
      <![CDATA[<a target = "_blank" href=C:\Users\Manisha\IdeaProjects\testng-tutorialninja.com-hw-week15/test-output/html/verifyUserShouldNavigateToLoginPageSuccessfullyWed_Dec_14_00_02_20_GMT_2022.jpg>Screenshot</a>]]>
    </line>
    <line>
      <![CDATA[<br>]]>
    </line>
    <line>
      <![CDATA[<br>]]>
    </line>
    <line>
      <![CDATA[<a target = "_blank" href=C:\Users\Manisha\IdeaProjects\testng-tutorialninja.com-hw-week15/test-output/html/verifyUserShouldNavigateToLoginPageSuccessfullyWed_Dec_14_00_02_20_GMT_2022.jpg><img src=C:\Users\Manisha\IdeaProjects\testng-tutorialninja.com-hw-week15/test-output/html/verifyUserShouldNavigateToLoginPageSuccessfullyWed_Dec_14_00_02_20_GMT_2022.jpg height=200 width=200></img></a>]]>
    </line>
    <line>
      <![CDATA[click on account tab[[ChromeDriver: chrome on WINDOWS (13860fbba8376cd0b14fb3cb225f87f6)] -> xpath: //span[contains(text(),'My Account')]]]]>
    </line>
    <line>
      <![CDATA[ enter first name[[ChromeDriver: chrome on WINDOWS (13860fbba8376cd0b14fb3cb225f87f6)] -> id: input-firstname]]]>
    </line>
    <line>
      <![CDATA[ enter last name[[ChromeDriver: chrome on WINDOWS (13860fbba8376cd0b14fb3cb225f87f6)] -> id: input-lastname]]]>
    </line>
    <line>
      <![CDATA[ enter email in email field[[ChromeDriver: chrome on WINDOWS (13860fbba8376cd0b14fb3cb225f87f6)] -> id: input-email]]]>
    </line>
    <line>
      <![CDATA[ enter telephone number[[ChromeDriver: chrome on WINDOWS (13860fbba8376cd0b14fb3cb225f87f6)] -> id: input-telephone]]]>
    </line>
    <line>
      <![CDATA[ enter password[[ChromeDriver: chrome on WINDOWS (13860fbba8376cd0b14fb3cb225f87f6)] -> id: input-password]]]>
    </line>
    <line>
      <![CDATA[ re enter password[[ChromeDriver: chrome on WINDOWS (13860fbba8376cd0b14fb3cb225f87f6)] -> id: input-confirm]]]>
    </line>
    <line>
      <![CDATA[ select subscription from optionBy.xpath: //fieldset[3]//input]]>
    </line>
    <line>
      <![CDATA[ click on privacy check box[[ChromeDriver: chrome on WINDOWS (13860fbba8376cd0b14fb3cb225f87f6)] -> xpath: //div[@class = 'buttons']//input[@name='agree']]]]>
    </line>
    <line>
      <![CDATA[ continue button[[ChromeDriver: chrome on WINDOWS (13860fbba8376cd0b14fb3cb225f87f6)] -> xpath: //div[@class = 'buttons']//input[@value='Continue']]]]>
    </line>
    <line>
      <![CDATA[get text account has been created[[ChromeDriver: chrome on WINDOWS (13860fbba8376cd0b14fb3cb225f87f6)] -> xpath: //h1[contains(text(),'Your Account Has Been Created!')]]]]>
    </line>
    <line>
      <![CDATA[ click on continue button[[ChromeDriver: chrome on WINDOWS (13860fbba8376cd0b14fb3cb225f87f6)] -> xpath: //a[contains(text(),'Continue')]]]]>
    </line>
    <line>
      <![CDATA[click on account tab[[ChromeDriver: chrome on WINDOWS (13860fbba8376cd0b14fb3cb225f87f6)] -> xpath: //span[contains(text(),'My Account')]]]]>
    </line>
    <line>
      <![CDATA[Click to see screenshot]]>
    </line>
    <line>
      <![CDATA[<a target = "_blank" href=C:\Users\Manisha\IdeaProjects\testng-tutorialninja.com-hw-week15/test-output/html/verifyThatUserShouldLoginAndLogoutSuccessfullyWed_Dec_14_00_02_46_GMT_2022.jpg>Screenshot</a>]]>
    </line>
    <line>
      <![CDATA[<br>]]>
    </line>
    <line>
      <![CDATA[<br>]]>
    </line>
    <line>
      <![CDATA[<a target = "_blank" href=C:\Users\Manisha\IdeaProjects\testng-tutorialninja.com-hw-week15/test-output/html/verifyThatUserShouldLoginAndLogoutSuccessfullyWed_Dec_14_00_02_46_GMT_2022.jpg><img src=C:\Users\Manisha\IdeaProjects\testng-tutorialninja.com-hw-week15/test-output/html/verifyThatUserShouldLoginAndLogoutSuccessfullyWed_Dec_14_00_02_46_GMT_2022.jpg height=200 width=200></img></a>]]>
    </line>
    <line>
      <![CDATA[click on account tab[[ChromeDriver: chrome on WINDOWS (69654804df6e347d5a331170a1c65c62)] -> xpath: //span[contains(text(),'My Account')]]]]>
    </line>
    <line>
      <![CDATA[ get text from register account[[ChromeDriver: chrome on WINDOWS (69654804df6e347d5a331170a1c65c62)] -> xpath: //h1[contains(text(),'Register Account')]]]]>
    </line>
    <line>
      <![CDATA[click on desktop link[[ChromeDriver: chrome on WINDOWS (4b04403203301d575b4873976275f0e0)] -> link text: Desktops]]]>
    </line>
    <line>
      <![CDATA[select from option[[ChromeDriver: chrome on WINDOWS (4b04403203301d575b4873976275f0e0)] -> id: input-sort]]]>
    </line>
    <line>
      <![CDATA[get text[[ChromeDriver: chrome on WINDOWS (4b04403203301d575b4873976275f0e0)] -> xpath: //div[@id = 'content']//h1]]]>
    </line>
    <line>
      <![CDATA[click on add to cart button[[ChromeDriver: chrome on WINDOWS (4b04403203301d575b4873976275f0e0)] -> xpath: //button[@id='button-cart']]]]>
    </line>
    <line>
      <![CDATA[ get text from shopping cart[[ChromeDriver: chrome on WINDOWS (4b04403203301d575b4873976275f0e0)] -> xpath: //div[@id='content']//h1]]]>
    </line>
    <line>
      <![CDATA[Click to see screenshot]]>
    </line>
    <line>
      <![CDATA[<a target = "_blank" href=C:\Users\Manisha\IdeaProjects\testng-tutorialninja.com-hw-week15/test-output/html/verifyProductAddedToShoppingCartSuccessFullyWed_Dec_14_00_03_23_GMT_2022.jpg>Screenshot</a>]]>
    </line>
    <line>
      <![CDATA[<br>]]>
    </line>
    <line>
      <![CDATA[<br>]]>
    </line>
    <line>
      <![CDATA[<a target = "_blank" href=C:\Users\Manisha\IdeaProjects\testng-tutorialninja.com-hw-week15/test-output/html/verifyProductAddedToShoppingCartSuccessFullyWed_Dec_14_00_03_23_GMT_2022.jpg><img src=C:\Users\Manisha\IdeaProjects\testng-tutorialninja.com-hw-week15/test-output/html/verifyProductAddedToShoppingCartSuccessFullyWed_Dec_14_00_03_23_GMT_2022.jpg height=200 width=200></img></a>]]>
    </line>
    <line>
      <![CDATA[click on desktop link[[ChromeDriver: chrome on WINDOWS (97c6a271b43780b1ea91fb3c3e2e4234)] -> link text: Desktops]]]>
    </line>
    <line>
      <![CDATA[By.xpath: //h4/a]]>
    </line>
    <line>
      <![CDATA[select from option[[ChromeDriver: chrome on WINDOWS (97c6a271b43780b1ea91fb3c3e2e4234)] -> id: input-sort]]]>
    </line>
    <line>
      <![CDATA[By.xpath: //h4/a]]>
    </line>
    <line>
      <![CDATA[click on laptop and notebook link[[ChromeDriver: chrome on WINDOWS (e71bdf1a5652fd41f0d483654e2e3b5b)] -> link text: Laptops & Notebooks]]]>
    </line>
    <line>
      <![CDATA[click on laptop and notebook link[[ChromeDriver: chrome on WINDOWS (8d7de1d2189fd72cef8ef9b2abbf01ba)] -> link text: Laptops & Notebooks]]]>
    </line>
    <line>
      <![CDATA[get text[[ChromeDriver: chrome on WINDOWS (8d7de1d2189fd72cef8ef9b2abbf01ba)] -> xpath: //div[@id = 'content']//h1]]]>
    </line>
    <line>
      <![CDATA[click on add to cart button[[ChromeDriver: chrome on WINDOWS (8d7de1d2189fd72cef8ef9b2abbf01ba)] -> xpath: //button[@id='button-cart']]]]>
    </line>
    <line>
      <![CDATA[ get text from shopping cart[[ChromeDriver: chrome on WINDOWS (8d7de1d2189fd72cef8ef9b2abbf01ba)] -> xpath: //div[@id='content']//h1]]]>
    </line>
    <line>
      <![CDATA[ get product name[[ChromeDriver: chrome on WINDOWS (8d7de1d2189fd72cef8ef9b2abbf01ba)] -> xpath: //div[@class = 'table-responsive']/table/tbody/tr/td[2]/a]]]>
    </line>
    <line>
      <![CDATA[qty changeBy.xpath: //input[contains(@name, 'quantity')]]]>
    </line>
    <line>
      <![CDATA[qty update By.xpath: //button[contains(@data-original-title, 'Update')]]]>
    </line>
    <line>
      <![CDATA[modified messageBy.xpath: //div[@id='checkout-cart']/div[1]]]>
    </line>
    <line>
      <![CDATA[get totalBy.xpath: //div[@class = 'table-responsive']/table/tbody/tr/td[6]]]>
    </line>
    <line>
      <![CDATA[Click to see screenshot]]>
    </line>
    <line>
      <![CDATA[<a target = "_blank" href=C:\Users\Manisha\IdeaProjects\testng-tutorialninja.com-hw-week15/test-output/html/verifyThatUserPlaceOrderSuccessfullyWed_Dec_14_00_03_41_GMT_2022.jpg>Screenshot</a>]]>
    </line>
    <line>
      <![CDATA[<br>]]>
    </line>
    <line>
      <![CDATA[<br>]]>
    </line>
    <line>
      <![CDATA[<a target = "_blank" href=C:\Users\Manisha\IdeaProjects\testng-tutorialninja.com-hw-week15/test-output/html/verifyThatUserPlaceOrderSuccessfullyWed_Dec_14_00_03_41_GMT_2022.jpg><img src=C:\Users\Manisha\IdeaProjects\testng-tutorialninja.com-hw-week15/test-output/html/verifyThatUserPlaceOrderSuccessfullyWed_Dec_14_00_03_41_GMT_2022.jpg height=200 width=200></img></a>]]>
    </line>
    <line>
      <![CDATA[click on components link[[ChromeDriver: chrome on WINDOWS (111c930aaef818c6fb56c81a617aed69)] -> link text: Components]]]>
    </line>
    <line>
      <![CDATA[get text[[ChromeDriver: chrome on WINDOWS (111c930aaef818c6fb56c81a617aed69)] -> xpath: //h2[contains(text(),'Components')]]]]>
    </line>
    <line>
      <![CDATA[click on desktop link[[ChromeDriver: chrome on WINDOWS (3121670d76ee1aed5c2c1ba33fe18c97)] -> link text: Desktops]]]>
    </line>
    <line>
      <![CDATA[click on laptop and notebook link[[ChromeDriver: chrome on WINDOWS (581ecff6df1684f83172abe1fc245659)] -> link text: Laptops & Notebooks]]]>
    </line>
  </reporter-output>
  <suite name="testsuite" duration-ms="102777" started-at="2022-12-14T00:02:11 GMT" finished-at="2022-12-14T00:03:54 GMT">
    <groups>
      <group name="regression">
        <method signature="AccountLoginPageTest.verifyThatUserShouldLoginAndLogoutSuccessfully()[pri:0, instance:com.tutorialninja.testsuite.AccountLoginPageTest@2df32bf7]" name="verifyThatUserShouldLoginAndLogoutSuccessfully" class="com.tutorialninja.testsuite.AccountLoginPageTest"/>
        <method signature="AccountLoginPageTest.verifyUserShouldNavigateToLoginPageSuccessfully()[pri:0, instance:com.tutorialninja.testsuite.AccountLoginPageTest@2df32bf7]" name="verifyUserShouldNavigateToLoginPageSuccessfully" class="com.tutorialninja.testsuite.AccountLoginPageTest"/>
        <method signature="AccountRegisterPageTest.verifyThatUserShouldLoginAndLogoutSuccessfully()[pri:0, instance:com.tutorialninja.testsuite.AccountRegisterPageTest@4e41089d]" name="verifyThatUserShouldLoginAndLogoutSuccessfully" class="com.tutorialninja.testsuite.AccountRegisterPageTest"/>
        <method signature="AccountRegisterPageTest.verifyUserShouldNavigateToLoginPageSuccessfully()[pri:0, instance:com.tutorialninja.testsuite.AccountRegisterPageTest@4e41089d]" name="verifyUserShouldNavigateToLoginPageSuccessfully" class="com.tutorialninja.testsuite.AccountRegisterPageTest"/>
        <method signature="DesktopsPageTest.verifyProductAddedToShoppingCartSuccessFully()[pri:0, instance:com.tutorialninja.testsuite.DesktopsPageTest@76329302]" name="verifyProductAddedToShoppingCartSuccessFully" class="com.tutorialninja.testsuite.DesktopsPageTest"/>
        <method signature="DesktopsPageTest.verifyProductArrangeInAlphabeticalOrder()[pri:0, instance:com.tutorialninja.testsuite.DesktopsPageTest@76329302]" name="verifyProductArrangeInAlphabeticalOrder" class="com.tutorialninja.testsuite.DesktopsPageTest"/>
        <method signature="LaptopsAndNotebooksPageTest.verifyProductsPriceDisplayHighToLowSuccessfully()[pri:0, instance:com.tutorialninja.testsuite.LaptopsAndNotebooksPageTest@3e77a1ed]" name="verifyProductsPriceDisplayHighToLowSuccessfully" class="com.tutorialninja.testsuite.LaptopsAndNotebooksPageTest"/>
        <method signature="LaptopsAndNotebooksPageTest.verifyThatUserPlaceOrderSuccessfully()[pri:0, instance:com.tutorialninja.testsuite.LaptopsAndNotebooksPageTest@3e77a1ed]" name="verifyThatUserPlaceOrderSuccessfully" class="com.tutorialninja.testsuite.LaptopsAndNotebooksPageTest"/>
        <method signature="TopMenuTest.verifyUserShouldNavigateToComponentsPageSuccessfully()[pri:0, instance:com.tutorialninja.testsuite.TopMenuTest@3ffcd140]" name="verifyUserShouldNavigateToComponentsPageSuccessfully" class="com.tutorialninja.testsuite.TopMenuTest"/>
        <method signature="TopMenuTest.verifyUserShouldNavigateToDesktopsPageSuccessfully()[pri:0, instance:com.tutorialninja.testsuite.TopMenuTest@3ffcd140]" name="verifyUserShouldNavigateToDesktopsPageSuccessfully" class="com.tutorialninja.testsuite.TopMenuTest"/>
        <method signature="TopMenuTest.verifyUserShouldNavigateToLaptopsAndNotebooksPageSuccessfully()[pri:0, instance:com.tutorialninja.testsuite.TopMenuTest@3ffcd140]" name="verifyUserShouldNavigateToLaptopsAndNotebooksPageSuccessfully" class="com.tutorialninja.testsuite.TopMenuTest"/>
      </group> <!-- regression -->
      <group name="smoke">
        <method signature="AccountLoginPageTest.verifyThatUserShouldLoginAndLogoutSuccessfully()[pri:0, instance:com.tutorialninja.testsuite.AccountLoginPageTest@2df32bf7]" name="verifyThatUserShouldLoginAndLogoutSuccessfully" class="com.tutorialninja.testsuite.AccountLoginPageTest"/>
        <method signature="AccountRegisterPageTest.verifyThatUserShouldLoginAndLogoutSuccessfully()[pri:0, instance:com.tutorialninja.testsuite.AccountRegisterPageTest@4e41089d]" name="verifyThatUserShouldLoginAndLogoutSuccessfully" class="com.tutorialninja.testsuite.AccountRegisterPageTest"/>
        <method signature="DesktopsPageTest.verifyProductAddedToShoppingCartSuccessFully()[pri:0, instance:com.tutorialninja.testsuite.DesktopsPageTest@76329302]" name="verifyProductAddedToShoppingCartSuccessFully" class="com.tutorialninja.testsuite.DesktopsPageTest"/>
        <method signature="LaptopsAndNotebooksPageTest.verifyThatUserPlaceOrderSuccessfully()[pri:0, instance:com.tutorialninja.testsuite.LaptopsAndNotebooksPageTest@3e77a1ed]" name="verifyThatUserPlaceOrderSuccessfully" class="com.tutorialninja.testsuite.LaptopsAndNotebooksPageTest"/>
        <method signature="TopMenuTest.verifyUserShouldNavigateToLaptopsAndNotebooksPageSuccessfully()[pri:0, instance:com.tutorialninja.testsuite.TopMenuTest@3ffcd140]" name="verifyUserShouldNavigateToLaptopsAndNotebooksPageSuccessfully" class="com.tutorialninja.testsuite.TopMenuTest"/>
      </group> <!-- smoke -->
      <group name="sanity">
        <method signature="AccountLoginPageTest.verifyUserShouldNavigateToLoginPageSuccessfully()[pri:0, instance:com.tutorialninja.testsuite.AccountLoginPageTest@2df32bf7]" name="verifyUserShouldNavigateToLoginPageSuccessfully" class="com.tutorialninja.testsuite.AccountLoginPageTest"/>
        <method signature="AccountRegisterPageTest.verifyUserShouldNavigateToLoginPageSuccessfully()[pri:0, instance:com.tutorialninja.testsuite.AccountRegisterPageTest@4e41089d]" name="verifyUserShouldNavigateToLoginPageSuccessfully" class="com.tutorialninja.testsuite.AccountRegisterPageTest"/>
        <method signature="DesktopsPageTest.verifyProductArrangeInAlphabeticalOrder()[pri:0, instance:com.tutorialninja.testsuite.DesktopsPageTest@76329302]" name="verifyProductArrangeInAlphabeticalOrder" class="com.tutorialninja.testsuite.DesktopsPageTest"/>
        <method signature="LaptopsAndNotebooksPageTest.verifyProductsPriceDisplayHighToLowSuccessfully()[pri:0, instance:com.tutorialninja.testsuite.LaptopsAndNotebooksPageTest@3e77a1ed]" name="verifyProductsPriceDisplayHighToLowSuccessfully" class="com.tutorialninja.testsuite.LaptopsAndNotebooksPageTest"/>
        <method signature="TopMenuTest.verifyUserShouldNavigateToDesktopsPageSuccessfully()[pri:0, instance:com.tutorialninja.testsuite.TopMenuTest@3ffcd140]" name="verifyUserShouldNavigateToDesktopsPageSuccessfully" class="com.tutorialninja.testsuite.TopMenuTest"/>
      </group> <!-- sanity -->
    </groups>
    <test name="Login Test" duration-ms="102777" started-at="2022-12-14T00:02:11 GMT" finished-at="2022-12-14T00:03:54 GMT">
      <class name="com.tutorialninja.testsuite.TopMenuTest">
        <test-method status="PASS" signature="setUp()[pri:0, instance:com.tutorialninja.testsuite.TopMenuTest@3ffcd140]" name="setUp" is-config="true" duration-ms="2690" started-at="2022-12-14T00:03:42 GMT" finished-at="2022-12-14T00:03:44 GMT">
          <reporter-output>
          </reporter-output>
        </test-method> <!-- setUp -->
        <test-method status="PASS" signature="inIt()[pri:0, instance:com.tutorialninja.testsuite.TopMenuTest@3ffcd140]" name="inIt" is-config="true" duration-ms="3" started-at="2022-12-14T00:03:44 GMT" finished-at="2022-12-14T00:03:44 GMT">
          <reporter-output>
          </reporter-output>
        </test-method> <!-- inIt -->
        <test-method status="PASS" signature="verifyUserShouldNavigateToComponentsPageSuccessfully()[pri:0, instance:com.tutorialninja.testsuite.TopMenuTest@3ffcd140]" name="verifyUserShouldNavigateToComponentsPageSuccessfully" duration-ms="565" started-at="2022-12-14T00:03:44 GMT" finished-at="2022-12-14T00:03:45 GMT">
          <reporter-output>
            <line>
              <![CDATA[click on components link[[ChromeDriver: chrome on WINDOWS (111c930aaef818c6fb56c81a617aed69)] -> link text: Components]]]>
            </line>
            <line>
              <![CDATA[get text[[ChromeDriver: chrome on WINDOWS (111c930aaef818c6fb56c81a617aed69)] -> xpath: //h2[contains(text(),'Components')]]]]>
            </line>
          </reporter-output>
        </test-method> <!-- verifyUserShouldNavigateToComponentsPageSuccessfully -->
        <test-method status="PASS" signature="tearDown()[pri:0, instance:com.tutorialninja.testsuite.TopMenuTest@3ffcd140]" name="tearDown" is-config="true" duration-ms="630" started-at="2022-12-14T00:03:45 GMT" finished-at="2022-12-14T00:03:46 GMT">
          <reporter-output>
          </reporter-output>
        </test-method> <!-- tearDown -->
        <test-method status="PASS" signature="setUp()[pri:0, instance:com.tutorialninja.testsuite.TopMenuTest@3ffcd140]" name="setUp" is-config="true" duration-ms="2728" started-at="2022-12-14T00:03:46 GMT" finished-at="2022-12-14T00:03:48 GMT">
          <reporter-output>
          </reporter-output>
        </test-method> <!-- setUp -->
        <test-method status="PASS" signature="inIt()[pri:0, instance:com.tutorialninja.testsuite.TopMenuTest@3ffcd140]" name="inIt" is-config="true" duration-ms="1" started-at="2022-12-14T00:03:48 GMT" finished-at="2022-12-14T00:03:48 GMT">
          <reporter-output>
          </reporter-output>
        </test-method> <!-- inIt -->
        <test-method status="PASS" signature="verifyUserShouldNavigateToDesktopsPageSuccessfully()[pri:0, instance:com.tutorialninja.testsuite.TopMenuTest@3ffcd140]" name="verifyUserShouldNavigateToDesktopsPageSuccessfully" duration-ms="929" started-at="2022-12-14T00:03:48 GMT" finished-at="2022-12-14T00:03:49 GMT">
          <reporter-output>
            <line>
              <![CDATA[click on desktop link[[ChromeDriver: chrome on WINDOWS (3121670d76ee1aed5c2c1ba33fe18c97)] -> link text: Desktops]]]>
            </line>
          </reporter-output>
        </test-method> <!-- verifyUserShouldNavigateToDesktopsPageSuccessfully -->
        <test-method status="PASS" signature="tearDown()[pri:0, instance:com.tutorialninja.testsuite.TopMenuTest@3ffcd140]" name="tearDown" is-config="true" duration-ms="626" started-at="2022-12-14T00:03:49 GMT" finished-at="2022-12-14T00:03:50 GMT">
          <reporter-output>
          </reporter-output>
        </test-method> <!-- tearDown -->
        <test-method status="PASS" signature="setUp()[pri:0, instance:com.tutorialninja.testsuite.TopMenuTest@3ffcd140]" name="setUp" is-config="true" duration-ms="2715" started-at="2022-12-14T00:03:50 GMT" finished-at="2022-12-14T00:03:53 GMT">
          <reporter-output>
          </reporter-output>
        </test-method> <!-- setUp -->
        <test-method status="PASS" signature="inIt()[pri:0, instance:com.tutorialninja.testsuite.TopMenuTest@3ffcd140]" name="inIt" is-config="true" duration-ms="2" started-at="2022-12-14T00:03:53 GMT" finished-at="2022-12-14T00:03:53 GMT">
          <reporter-output>
          </reporter-output>
        </test-method> <!-- inIt -->
        <test-method status="PASS" signature="verifyUserShouldNavigateToLaptopsAndNotebooksPageSuccessfully()[pri:0, instance:com.tutorialninja.testsuite.TopMenuTest@3ffcd140]" name="verifyUserShouldNavigateToLaptopsAndNotebooksPageSuccessfully" duration-ms="716" started-at="2022-12-14T00:03:53 GMT" finished-at="2022-12-14T00:03:53 GMT">
          <reporter-output>
            <line>
              <![CDATA[click on laptop and notebook link[[ChromeDriver: chrome on WINDOWS (581ecff6df1684f83172abe1fc245659)] -> link text: Laptops & Notebooks]]]>
            </line>
          </reporter-output>
        </test-method> <!-- verifyUserShouldNavigateToLaptopsAndNotebooksPageSuccessfully -->
        <test-method status="PASS" signature="tearDown()[pri:0, instance:com.tutorialninja.testsuite.TopMenuTest@3ffcd140]" name="tearDown" is-config="true" duration-ms="607" started-at="2022-12-14T00:03:53 GMT" finished-at="2022-12-14T00:03:54 GMT">
          <reporter-output>
          </reporter-output>
        </test-method> <!-- tearDown -->
      </class> <!-- com.tutorialninja.testsuite.TopMenuTest -->
      <class name="com.tutorialninja.testsuite.AccountRegisterPageTest">
        <test-method status="PASS" signature="setUp()[pri:0, instance:com.tutorialninja.testsuite.AccountRegisterPageTest@4e41089d]" name="setUp" is-config="true" duration-ms="2769" started-at="2022-12-14T00:02:21 GMT" finished-at="2022-12-14T00:02:23 GMT">
          <reporter-output>
          </reporter-output>
        </test-method> <!-- setUp -->
        <test-method status="PASS" signature="inIt()[pri:0, instance:com.tutorialninja.testsuite.AccountRegisterPageTest@4e41089d]" name="inIt" is-config="true" duration-ms="6" started-at="2022-12-14T00:02:23 GMT" finished-at="2022-12-14T00:02:23 GMT">
          <reporter-output>
          </reporter-output>
        </test-method> <!-- inIt -->
        <test-method status="FAIL" signature="verifyThatUserShouldLoginAndLogoutSuccessfully()[pri:0, instance:com.tutorialninja.testsuite.AccountRegisterPageTest@4e41089d]" name="verifyThatUserShouldLoginAndLogoutSuccessfully" duration-ms="22079" started-at="2022-12-14T00:02:23 GMT" finished-at="2022-12-14T00:02:45 GMT">
          <exception class="org.openqa.selenium.StaleElementReferenceException">
            <message>
              <![CDATA[stale element reference: element is not attached to the page document
  (Session info: chrome=108.0.5359.99)
For documentation on this error, please visit: https://selenium.dev/exceptions/#stale_element_reference
Build info: version: '4.6.0', revision: '79f1c02ae20'
System info: os.name: 'Windows 10', os.arch: 'amd64', os.version: '10.0', java.version: '1.8.0_121'
Driver info: org.openqa.selenium.chrome.ChromeDriver
Command: [13860fbba8376cd0b14fb3cb225f87f6, clickElement {id=79bfb60c-a87f-43a8-9843-0057f5209bbb}]
Capabilities {acceptInsecureCerts: false, browserName: chrome, browserVersion: 108.0.5359.99, chrome: {chromedriverVersion: 108.0.5359.71 (1e0e3868ee06..., userDataDir: C:\Users\Manisha\AppData\Lo...}, goog:chromeOptions: {debuggerAddress: localhost:55115}, networkConnectionEnabled: false, pageLoadStrategy: normal, platformName: WINDOWS, proxy: Proxy(), se:cdp: ws://localhost:55115/devtoo..., se:cdpVersion: 108.0.5359.99, setWindowRect: true, strictFileInteractability: false, timeouts: {implicit: 0, pageLoad: 300000, script: 30000}, unhandledPromptBehavior: dismiss and notify, webauthn:extension:credBlob: true, webauthn:extension:largeBlob: true, webauthn:virtualAuthenticators: true}
Element: [[ChromeDriver: chrome on WINDOWS (13860fbba8376cd0b14fb3cb225f87f6)] -> xpath: //span[contains(text(),'My Account')]]
Session ID: 13860fbba8376cd0b14fb3cb225f87f6]]>
            </message>
            <full-stacktrace>
              <![CDATA[org.openqa.selenium.StaleElementReferenceException: stale element reference: element is not attached to the page document
  (Session info: chrome=108.0.5359.99)
For documentation on this error, please visit: https://selenium.dev/exceptions/#stale_element_reference
Build info: version: '4.6.0', revision: '79f1c02ae20'
System info: os.name: 'Windows 10', os.arch: 'amd64', os.version: '10.0', java.version: '1.8.0_121'
Driver info: org.openqa.selenium.chrome.ChromeDriver
Command: [13860fbba8376cd0b14fb3cb225f87f6, clickElement {id=79bfb60c-a87f-43a8-9843-0057f5209bbb}]
Capabilities {acceptInsecureCerts: false, browserName: chrome, browserVersion: 108.0.5359.99, chrome: {chromedriverVersion: 108.0.5359.71 (1e0e3868ee06..., userDataDir: C:\Users\Manisha\AppData\Lo...}, goog:chromeOptions: {debuggerAddress: localhost:55115}, networkConnectionEnabled: false, pageLoadStrategy: normal, platformName: WINDOWS, proxy: Proxy(), se:cdp: ws://localhost:55115/devtoo..., se:cdpVersion: 108.0.5359.99, setWindowRect: true, strictFileInteractability: false, timeouts: {implicit: 0, pageLoad: 300000, script: 30000}, unhandledPromptBehavior: dismiss and notify, webauthn:extension:credBlob: true, webauthn:extension:largeBlob: true, webauthn:virtualAuthenticators: true}
Element: [[ChromeDriver: chrome on WINDOWS (13860fbba8376cd0b14fb3cb225f87f6)] -> xpath: //span[contains(text(),'My Account')]]
Session ID: 13860fbba8376cd0b14fb3cb225f87f6
at sun.reflect.NativeConstructorAccessorImpl.newInstance0(Native Method)
at sun.reflect.NativeConstructorAccessorImpl.newInstance(NativeConstructorAccessorImpl.java:62)
at sun.reflect.DelegatingConstructorAccessorImpl.newInstance(DelegatingConstructorAccessorImpl.java:45)
at java.lang.reflect.Constructor.newInstance(Constructor.java:423)
at org.openqa.selenium.remote.codec.w3c.W3CHttpResponseCodec.createException(W3CHttpResponseCodec.java:200)
at org.openqa.selenium.remote.codec.w3c.W3CHttpResponseCodec.decode(W3CHttpResponseCodec.java:133)
at org.openqa.selenium.remote.codec.w3c.W3CHttpResponseCodec.decode(W3CHttpResponseCodec.java:53)
at org.openqa.selenium.remote.HttpCommandExecutor.execute(HttpCommandExecutor.java:184)
at org.openqa.selenium.remote.service.DriverCommandExecutor.invokeExecute(DriverCommandExecutor.java:167)
at org.openqa.selenium.remote.service.DriverCommandExecutor.execute(DriverCommandExecutor.java:142)
at org.openqa.selenium.remote.RemoteWebDriver.execute(RemoteWebDriver.java:541)
at org.openqa.selenium.remote.RemoteWebElement.execute(RemoteWebElement.java:257)
at org.openqa.selenium.remote.RemoteWebElement.click(RemoteWebElement.java:78)
at sun.reflect.NativeMethodAccessorImpl.invoke0(Native Method)
at sun.reflect.NativeMethodAccessorImpl.invoke(NativeMethodAccessorImpl.java:62)
at sun.reflect.DelegatingMethodAccessorImpl.invoke(DelegatingMethodAccessorImpl.java:43)
at java.lang.reflect.Method.invoke(Method.java:498)
at org.openqa.selenium.support.pagefactory.internal.LocatingElementHandler.invoke(LocatingElementHandler.java:52)
at com.sun.proxy.$Proxy9.click(Unknown Source)
at com.tutorialninja.utility.UtilityClass.clickOnElement(UtilityClass.java:51)
at com.tutorialninja.pages.HomePage.clickOnMyQAccountTab(HomePage.java:81)
at com.tutorialninja.testsuite.AccountRegisterPageTest.verifyThatUserShouldLoginAndLogoutSuccessfully(AccountRegisterPageTest.java:50)
at sun.reflect.NativeMethodAccessorImpl.invoke0(Native Method)
at sun.reflect.NativeMethodAccessorImpl.invoke(NativeMethodAccessorImpl.java:62)
at sun.reflect.DelegatingMethodAccessorImpl.invoke(DelegatingMethodAccessorImpl.java:43)
at java.lang.reflect.Method.invoke(Method.java:498)
at org.testng.internal.invokers.MethodInvocationHelper.invokeMethod(MethodInvocationHelper.java:135)
at org.testng.internal.invokers.TestInvoker.invokeMethod(TestInvoker.java:673)
at org.testng.internal.invokers.TestInvoker.invokeTestMethod(TestInvoker.java:220)
at org.testng.internal.invokers.MethodRunner.runInSequence(MethodRunner.java:50)
at org.testng.internal.invokers.TestInvoker$MethodInvocationAgent.invoke(TestInvoker.java:945)
at org.testng.internal.invokers.TestInvoker.invokeTestMethods(TestInvoker.java:193)
at org.testng.internal.invokers.TestMethodWorker.invokeTestMethods(TestMethodWorker.java:146)
at org.testng.internal.invokers.TestMethodWorker.run(TestMethodWorker.java:128)
at java.util.ArrayList.forEach(ArrayList.java:1249)
at org.testng.TestRunner.privateRun(TestRunner.java:808)
at org.testng.TestRunner.run(TestRunner.java:603)
at org.testng.SuiteRunner.runTest(SuiteRunner.java:429)
at org.testng.SuiteRunner.runSequentially(SuiteRunner.java:423)
at org.testng.SuiteRunner.privateRun(SuiteRunner.java:383)
at org.testng.SuiteRunner.run(SuiteRunner.java:326)
at org.testng.SuiteRunnerWorker.runSuite(SuiteRunnerWorker.java:52)
at org.testng.SuiteRunnerWorker.run(SuiteRunnerWorker.java:95)
at org.testng.TestNG.runSuitesSequentially(TestNG.java:1249)
at org.testng.TestNG.runSuitesLocally(TestNG.java:1169)
at org.testng.TestNG.runSuites(TestNG.java:1092)
at org.testng.TestNG.run(TestNG.java:1060)
at com.intellij.rt.testng.IDEARemoteTestNG.run(IDEARemoteTestNG.java:66)
at com.intellij.rt.testng.RemoteTestNGStarter.main(RemoteTestNGStarter.java:109)
]]>
            </full-stacktrace>
          </exception> <!-- org.openqa.selenium.StaleElementReferenceException -->
          <reporter-output>
            <line>
              <![CDATA[click on account tab[[ChromeDriver: chrome on WINDOWS (13860fbba8376cd0b14fb3cb225f87f6)] -> xpath: //span[contains(text(),'My Account')]]]]>
            </line>
            <line>
              <![CDATA[ enter first name[[ChromeDriver: chrome on WINDOWS (13860fbba8376cd0b14fb3cb225f87f6)] -> id: input-firstname]]]>
            </line>
            <line>
              <![CDATA[ enter last name[[ChromeDriver: chrome on WINDOWS (13860fbba8376cd0b14fb3cb225f87f6)] -> id: input-lastname]]]>
            </line>
            <line>
              <![CDATA[ enter email in email field[[ChromeDriver: chrome on WINDOWS (13860fbba8376cd0b14fb3cb225f87f6)] -> id: input-email]]]>
            </line>
            <line>
              <![CDATA[ enter telephone number[[ChromeDriver: chrome on WINDOWS (13860fbba8376cd0b14fb3cb225f87f6)] -> id: input-telephone]]]>
            </line>
            <line>
              <![CDATA[ enter password[[ChromeDriver: chrome on WINDOWS (13860fbba8376cd0b14fb3cb225f87f6)] -> id: input-password]]]>
            </line>
            <line>
              <![CDATA[ re enter password[[ChromeDriver: chrome on WINDOWS (13860fbba8376cd0b14fb3cb225f87f6)] -> id: input-confirm]]]>
            </line>
            <line>
              <![CDATA[ select subscription from optionBy.xpath: //fieldset[3]//input]]>
            </line>
            <line>
              <![CDATA[ click on privacy check box[[ChromeDriver: chrome on WINDOWS (13860fbba8376cd0b14fb3cb225f87f6)] -> xpath: //div[@class = 'buttons']//input[@name='agree']]]]>
            </line>
            <line>
              <![CDATA[ continue button[[ChromeDriver: chrome on WINDOWS (13860fbba8376cd0b14fb3cb225f87f6)] -> xpath: //div[@class = 'buttons']//input[@value='Continue']]]]>
            </line>
            <line>
              <![CDATA[get text account has been created[[ChromeDriver: chrome on WINDOWS (13860fbba8376cd0b14fb3cb225f87f6)] -> xpath: //h1[contains(text(),'Your Account Has Been Created!')]]]]>
            </line>
            <line>
              <![CDATA[ click on continue button[[ChromeDriver: chrome on WINDOWS (13860fbba8376cd0b14fb3cb225f87f6)] -> xpath: //a[contains(text(),'Continue')]]]]>
            </line>
            <line>
              <![CDATA[click on account tab[[ChromeDriver: chrome on WINDOWS (13860fbba8376cd0b14fb3cb225f87f6)] -> xpath: //span[contains(text(),'My Account')]]]]>
            </line>
            <line>
              <![CDATA[Click to see screenshot]]>
            </line>
            <line>
              <![CDATA[<a target = "_blank" href=C:\Users\Manisha\IdeaProjects\testng-tutorialninja.com-hw-week15/test-output/html/verifyThatUserShouldLoginAndLogoutSuccessfullyWed_Dec_14_00_02_46_GMT_2022.jpg>Screenshot</a>]]>
            </line>
            <line>
              <![CDATA[<br>]]>
            </line>
            <line>
              <![CDATA[<br>]]>
            </line>
            <line>
              <![CDATA[<a target = "_blank" href=C:\Users\Manisha\IdeaProjects\testng-tutorialninja.com-hw-week15/test-output/html/verifyThatUserShouldLoginAndLogoutSuccessfullyWed_Dec_14_00_02_46_GMT_2022.jpg><img src=C:\Users\Manisha\IdeaProjects\testng-tutorialninja.com-hw-week15/test-output/html/verifyThatUserShouldLoginAndLogoutSuccessfullyWed_Dec_14_00_02_46_GMT_2022.jpg height=200 width=200></img></a>]]>
            </line>
          </reporter-output>
        </test-method> <!-- verifyThatUserShouldLoginAndLogoutSuccessfully -->
        <test-method status="PASS" signature="tearDown()[pri:0, instance:com.tutorialninja.testsuite.AccountRegisterPageTest@4e41089d]" name="tearDown" is-config="true" duration-ms="668" started-at="2022-12-14T00:02:46 GMT" finished-at="2022-12-14T00:02:46 GMT">
          <reporter-output>
          </reporter-output>
        </test-method> <!-- tearDown -->
        <test-method status="PASS" signature="setUp()[pri:0, instance:com.tutorialninja.testsuite.AccountRegisterPageTest@4e41089d]" name="setUp" is-config="true" duration-ms="2685" started-at="2022-12-14T00:02:46 GMT" finished-at="2022-12-14T00:02:49 GMT">
          <reporter-output>
          </reporter-output>
        </test-method> <!-- setUp -->
        <test-method status="PASS" signature="inIt()[pri:0, instance:com.tutorialninja.testsuite.AccountRegisterPageTest@4e41089d]" name="inIt" is-config="true" duration-ms="2" started-at="2022-12-14T00:02:49 GMT" finished-at="2022-12-14T00:02:49 GMT">
          <reporter-output>
          </reporter-output>
        </test-method> <!-- inIt -->
        <test-method status="PASS" signature="verifyUserShouldNavigateToLoginPageSuccessfully()[pri:0, instance:com.tutorialninja.testsuite.AccountRegisterPageTest@4e41089d]" name="verifyUserShouldNavigateToLoginPageSuccessfully" duration-ms="20579" started-at="2022-12-14T00:02:49 GMT" finished-at="2022-12-14T00:03:10 GMT">
          <reporter-output>
            <line>
              <![CDATA[click on account tab[[ChromeDriver: chrome on WINDOWS (69654804df6e347d5a331170a1c65c62)] -> xpath: //span[contains(text(),'My Account')]]]]>
            </line>
            <line>
              <![CDATA[ get text from register account[[ChromeDriver: chrome on WINDOWS (69654804df6e347d5a331170a1c65c62)] -> xpath: //h1[contains(text(),'Register Account')]]]]>
            </line>
          </reporter-output>
        </test-method> <!-- verifyUserShouldNavigateToLoginPageSuccessfully -->
        <test-method status="PASS" signature="tearDown()[pri:0, instance:com.tutorialninja.testsuite.AccountRegisterPageTest@4e41089d]" name="tearDown" is-config="true" duration-ms="653" started-at="2022-12-14T00:03:10 GMT" finished-at="2022-12-14T00:03:10 GMT">
          <reporter-output>
          </reporter-output>
        </test-method> <!-- tearDown -->
      </class> <!-- com.tutorialninja.testsuite.AccountRegisterPageTest -->
      <class name="com.tutorialninja.testsuite.DesktopsPageTest">
        <test-method status="PASS" signature="setUp()[pri:0, instance:com.tutorialninja.testsuite.DesktopsPageTest@76329302]" name="setUp" is-config="true" duration-ms="2696" started-at="2022-12-14T00:03:10 GMT" finished-at="2022-12-14T00:03:13 GMT">
          <reporter-output>
          </reporter-output>
        </test-method> <!-- setUp -->
        <test-method status="PASS" signature="inIt()[pri:0, instance:com.tutorialninja.testsuite.DesktopsPageTest@76329302]" name="inIt" is-config="true" duration-ms="2" started-at="2022-12-14T00:03:13 GMT" finished-at="2022-12-14T00:03:13 GMT">
          <reporter-output>
          </reporter-output>
        </test-method> <!-- inIt -->
        <test-method status="FAIL" signature="verifyProductAddedToShoppingCartSuccessFully()[pri:0, instance:com.tutorialninja.testsuite.DesktopsPageTest@76329302]" name="verifyProductAddedToShoppingCartSuccessFully" duration-ms="9831" started-at="2022-12-14T00:03:13 GMT" finished-at="2022-12-14T00:03:23 GMT">
          <exception class="java.lang.AssertionError">
            <message>
              <![CDATA[expected [true] but found [false]]]>
            </message>
            <full-stacktrace>
              <![CDATA[java.lang.AssertionError: expected [true] but found [false]
at org.testng.Assert.fail(Assert.java:110)
at org.testng.Assert.failNotEquals(Assert.java:1413)
at org.testng.Assert.assertTrue(Assert.java:56)
at org.testng.Assert.assertTrue(Assert.java:66)
at com.tutorialninja.testsuite.DesktopsPageTest.verifyProductAddedToShoppingCartSuccessFully(DesktopsPageTest.java:57)
at sun.reflect.NativeMethodAccessorImpl.invoke0(Native Method)
at sun.reflect.NativeMethodAccessorImpl.invoke(NativeMethodAccessorImpl.java:62)
at sun.reflect.DelegatingMethodAccessorImpl.invoke(DelegatingMethodAccessorImpl.java:43)
at java.lang.reflect.Method.invoke(Method.java:498)
at org.testng.internal.invokers.MethodInvocationHelper.invokeMethod(MethodInvocationHelper.java:135)
at org.testng.internal.invokers.TestInvoker.invokeMethod(TestInvoker.java:673)
at org.testng.internal.invokers.TestInvoker.invokeTestMethod(TestInvoker.java:220)
at org.testng.internal.invokers.MethodRunner.runInSequence(MethodRunner.java:50)
at org.testng.internal.invokers.TestInvoker$MethodInvocationAgent.invoke(TestInvoker.java:945)
at org.testng.internal.invokers.TestInvoker.invokeTestMethods(TestInvoker.java:193)
at org.testng.internal.invokers.TestMethodWorker.invokeTestMethods(TestMethodWorker.java:146)
at org.testng.internal.invokers.TestMethodWorker.run(TestMethodWorker.java:128)
at java.util.ArrayList.forEach(ArrayList.java:1249)
at org.testng.TestRunner.privateRun(TestRunner.java:808)
at org.testng.TestRunner.run(TestRunner.java:603)
at org.testng.SuiteRunner.runTest(SuiteRunner.java:429)
at org.testng.SuiteRunner.runSequentially(SuiteRunner.java:423)
at org.testng.SuiteRunner.privateRun(SuiteRunner.java:383)
at org.testng.SuiteRunner.run(SuiteRunner.java:326)
at org.testng.SuiteRunnerWorker.runSuite(SuiteRunnerWorker.java:52)
at org.testng.SuiteRunnerWorker.run(SuiteRunnerWorker.java:95)
at org.testng.TestNG.runSuitesSequentially(TestNG.java:1249)
at org.testng.TestNG.runSuitesLocally(TestNG.java:1169)
at org.testng.TestNG.runSuites(TestNG.java:1092)
at org.testng.TestNG.run(TestNG.java:1060)
at com.intellij.rt.testng.IDEARemoteTestNG.run(IDEARemoteTestNG.java:66)
at com.intellij.rt.testng.RemoteTestNGStarter.main(RemoteTestNGStarter.java:109)
]]>
            </full-stacktrace>
          </exception> <!-- java.lang.AssertionError -->
          <reporter-output>
            <line>
              <![CDATA[click on desktop link[[ChromeDriver: chrome on WINDOWS (4b04403203301d575b4873976275f0e0)] -> link text: Desktops]]]>
            </line>
            <line>
              <![CDATA[select from option[[ChromeDriver: chrome on WINDOWS (4b04403203301d575b4873976275f0e0)] -> id: input-sort]]]>
            </line>
            <line>
              <![CDATA[get text[[ChromeDriver: chrome on WINDOWS (4b04403203301d575b4873976275f0e0)] -> xpath: //div[@id = 'content']//h1]]]>
            </line>
            <line>
              <![CDATA[click on add to cart button[[ChromeDriver: chrome on WINDOWS (4b04403203301d575b4873976275f0e0)] -> xpath: //button[@id='button-cart']]]]>
            </line>
            <line>
              <![CDATA[ get text from shopping cart[[ChromeDriver: chrome on WINDOWS (4b04403203301d575b4873976275f0e0)] -> xpath: //div[@id='content']//h1]]]>
            </line>
            <line>
              <![CDATA[Click to see screenshot]]>
            </line>
            <line>
              <![CDATA[<a target = "_blank" href=C:\Users\Manisha\IdeaProjects\testng-tutorialninja.com-hw-week15/test-output/html/verifyProductAddedToShoppingCartSuccessFullyWed_Dec_14_00_03_23_GMT_2022.jpg>Screenshot</a>]]>
            </line>
            <line>
              <![CDATA[<br>]]>
            </line>
            <line>
              <![CDATA[<br>]]>
            </line>
            <line>
              <![CDATA[<a target = "_blank" href=C:\Users\Manisha\IdeaProjects\testng-tutorialninja.com-hw-week15/test-output/html/verifyProductAddedToShoppingCartSuccessFullyWed_Dec_14_00_03_23_GMT_2022.jpg><img src=C:\Users\Manisha\IdeaProjects\testng-tutorialninja.com-hw-week15/test-output/html/verifyProductAddedToShoppingCartSuccessFullyWed_Dec_14_00_03_23_GMT_2022.jpg height=200 width=200></img></a>]]>
            </line>
          </reporter-output>
        </test-method> <!-- verifyProductAddedToShoppingCartSuccessFully -->
        <test-method status="PASS" signature="tearDown()[pri:0, instance:com.tutorialninja.testsuite.DesktopsPageTest@76329302]" name="tearDown" is-config="true" duration-ms="653" started-at="2022-12-14T00:03:23 GMT" finished-at="2022-12-14T00:03:24 GMT">
          <reporter-output>
          </reporter-output>
        </test-method> <!-- tearDown -->
        <test-method status="PASS" signature="setUp()[pri:0, instance:com.tutorialninja.testsuite.DesktopsPageTest@76329302]" name="setUp" is-config="true" duration-ms="2692" started-at="2022-12-14T00:03:24 GMT" finished-at="2022-12-14T00:03:26 GMT">
          <reporter-output>
          </reporter-output>
        </test-method> <!-- setUp -->
        <test-method status="PASS" signature="inIt()[pri:0, instance:com.tutorialninja.testsuite.DesktopsPageTest@76329302]" name="inIt" is-config="true" duration-ms="1" started-at="2022-12-14T00:03:26 GMT" finished-at="2022-12-14T00:03:26 GMT">
          <reporter-output>
          </reporter-output>
        </test-method> <!-- inIt -->
        <test-method status="PASS" signature="verifyProductArrangeInAlphabeticalOrder()[pri:0, instance:com.tutorialninja.testsuite.DesktopsPageTest@76329302]" name="verifyProductArrangeInAlphabeticalOrder" duration-ms="2212" started-at="2022-12-14T00:03:26 GMT" finished-at="2022-12-14T00:03:28 GMT">
          <reporter-output>
            <line>
              <![CDATA[click on desktop link[[ChromeDriver: chrome on WINDOWS (97c6a271b43780b1ea91fb3c3e2e4234)] -> link text: Desktops]]]>
            </line>
            <line>
              <![CDATA[By.xpath: //h4/a]]>
            </line>
            <line>
              <![CDATA[select from option[[ChromeDriver: chrome on WINDOWS (97c6a271b43780b1ea91fb3c3e2e4234)] -> id: input-sort]]]>
            </line>
            <line>
              <![CDATA[By.xpath: //h4/a]]>
            </line>
          </reporter-output>
        </test-method> <!-- verifyProductArrangeInAlphabeticalOrder -->
        <test-method status="PASS" signature="tearDown()[pri:0, instance:com.tutorialninja.testsuite.DesktopsPageTest@76329302]" name="tearDown" is-config="true" duration-ms="599" started-at="2022-12-14T00:03:28 GMT" finished-at="2022-12-14T00:03:29 GMT">
          <reporter-output>
          </reporter-output>
        </test-method> <!-- tearDown -->
      </class> <!-- com.tutorialninja.testsuite.DesktopsPageTest -->
      <class name="com.tutorialninja.testsuite.AccountLoginPageTest">
        <test-method status="PASS" signature="setUp()[pri:0, instance:com.tutorialninja.testsuite.AccountLoginPageTest@2df32bf7]" name="setUp" is-config="true" duration-ms="4560" started-at="2022-12-14T00:02:11 GMT" finished-at="2022-12-14T00:02:16 GMT">
          <reporter-output>
          </reporter-output>
        </test-method> <!-- setUp -->
        <test-method status="FAIL" signature="verifyThatUserShouldLoginAndLogoutSuccessfully()[pri:0, instance:com.tutorialninja.testsuite.AccountLoginPageTest@2df32bf7]" name="verifyThatUserShouldLoginAndLogoutSuccessfully" duration-ms="7" started-at="2022-12-14T00:02:16 GMT" finished-at="2022-12-14T00:02:16 GMT">
          <exception class="java.lang.NullPointerException">
            <full-stacktrace>
              <![CDATA[java.lang.NullPointerException
at org.openqa.selenium.support.pagefactory.DefaultElementLocator.findElement(DefaultElementLocator.java:70)
at org.openqa.selenium.support.pagefactory.internal.LocatingElementHandler.invoke(LocatingElementHandler.java:39)
at com.sun.proxy.$Proxy9.toString(Unknown Source)
at java.lang.String.valueOf(String.java:2994)
at java.lang.StringBuilder.append(StringBuilder.java:131)
at com.tutorialninja.pages.HomePage.clickOnMyQAccountTab(HomePage.java:80)
at com.tutorialninja.testsuite.AccountLoginPageTest.verifyThatUserShouldLoginAndLogoutSuccessfully(AccountLoginPageTest.java:27)
at sun.reflect.NativeMethodAccessorImpl.invoke0(Native Method)
at sun.reflect.NativeMethodAccessorImpl.invoke(NativeMethodAccessorImpl.java:62)
at sun.reflect.DelegatingMethodAccessorImpl.invoke(DelegatingMethodAccessorImpl.java:43)
at java.lang.reflect.Method.invoke(Method.java:498)
at org.testng.internal.invokers.MethodInvocationHelper.invokeMethod(MethodInvocationHelper.java:135)
at org.testng.internal.invokers.TestInvoker.invokeMethod(TestInvoker.java:673)
at org.testng.internal.invokers.TestInvoker.invokeTestMethod(TestInvoker.java:220)
at org.testng.internal.invokers.MethodRunner.runInSequence(MethodRunner.java:50)
at org.testng.internal.invokers.TestInvoker$MethodInvocationAgent.invoke(TestInvoker.java:945)
at org.testng.internal.invokers.TestInvoker.invokeTestMethods(TestInvoker.java:193)
at org.testng.internal.invokers.TestMethodWorker.invokeTestMethods(TestMethodWorker.java:146)
at org.testng.internal.invokers.TestMethodWorker.run(TestMethodWorker.java:128)
at java.util.ArrayList.forEach(ArrayList.java:1249)
at org.testng.TestRunner.privateRun(TestRunner.java:808)
at org.testng.TestRunner.run(TestRunner.java:603)
at org.testng.SuiteRunner.runTest(SuiteRunner.java:429)
at org.testng.SuiteRunner.runSequentially(SuiteRunner.java:423)
at org.testng.SuiteRunner.privateRun(SuiteRunner.java:383)
at org.testng.SuiteRunner.run(SuiteRunner.java:326)
at org.testng.SuiteRunnerWorker.runSuite(SuiteRunnerWorker.java:52)
at org.testng.SuiteRunnerWorker.run(SuiteRunnerWorker.java:95)
at org.testng.TestNG.runSuitesSequentially(TestNG.java:1249)
at org.testng.TestNG.runSuitesLocally(TestNG.java:1169)
at org.testng.TestNG.runSuites(TestNG.java:1092)
at org.testng.TestNG.run(TestNG.java:1060)
at com.intellij.rt.testng.IDEARemoteTestNG.run(IDEARemoteTestNG.java:66)
at com.intellij.rt.testng.RemoteTestNGStarter.main(RemoteTestNGStarter.java:109)
]]>
            </full-stacktrace>
          </exception> <!-- java.lang.NullPointerException -->
          <reporter-output>
            <line>
              <![CDATA[Click to see screenshot]]>
            </line>
            <line>
              <![CDATA[<a target = "_blank" href=C:\Users\Manisha\IdeaProjects\testng-tutorialninja.com-hw-week15/test-output/html/verifyThatUserShouldLoginAndLogoutSuccessfullyWed_Dec_14_00_02_16_GMT_2022.jpg>Screenshot</a>]]>
            </line>
            <line>
              <![CDATA[<br>]]>
            </line>
            <line>
              <![CDATA[<br>]]>
            </line>
            <line>
              <![CDATA[<a target = "_blank" href=C:\Users\Manisha\IdeaProjects\testng-tutorialninja.com-hw-week15/test-output/html/verifyThatUserShouldLoginAndLogoutSuccessfullyWed_Dec_14_00_02_16_GMT_2022.jpg><img src=C:\Users\Manisha\IdeaProjects\testng-tutorialninja.com-hw-week15/test-output/html/verifyThatUserShouldLoginAndLogoutSuccessfullyWed_Dec_14_00_02_16_GMT_2022.jpg height=200 width=200></img></a>]]>
            </line>
          </reporter-output>
        </test-method> <!-- verifyThatUserShouldLoginAndLogoutSuccessfully -->
        <test-method status="PASS" signature="tearDown()[pri:0, instance:com.tutorialninja.testsuite.AccountLoginPageTest@2df32bf7]" name="tearDown" is-config="true" duration-ms="654" started-at="2022-12-14T00:02:16 GMT" finished-at="2022-12-14T00:02:17 GMT">
          <reporter-output>
          </reporter-output>
        </test-method> <!-- tearDown -->
        <test-method status="PASS" signature="setUp()[pri:0, instance:com.tutorialninja.testsuite.AccountLoginPageTest@2df32bf7]" name="setUp" is-config="true" duration-ms="2684" started-at="2022-12-14T00:02:17 GMT" finished-at="2022-12-14T00:02:20 GMT">
          <reporter-output>
          </reporter-output>
        </test-method> <!-- setUp -->
        <test-method status="FAIL" signature="verifyUserShouldNavigateToLoginPageSuccessfully()[pri:0, instance:com.tutorialninja.testsuite.AccountLoginPageTest@2df32bf7]" name="verifyUserShouldNavigateToLoginPageSuccessfully" duration-ms="0" started-at="2022-12-14T00:02:20 GMT" finished-at="2022-12-14T00:02:20 GMT">
          <exception class="java.lang.NullPointerException">
            <full-stacktrace>
              <![CDATA[java.lang.NullPointerException
at org.openqa.selenium.support.pagefactory.DefaultElementLocator.findElement(DefaultElementLocator.java:70)
at org.openqa.selenium.support.pagefactory.internal.LocatingElementHandler.invoke(LocatingElementHandler.java:39)
at com.sun.proxy.$Proxy9.toString(Unknown Source)
at java.lang.String.valueOf(String.java:2994)
at java.lang.StringBuilder.append(StringBuilder.java:131)
at com.tutorialninja.pages.HomePage.clickOnMyQAccountTab(HomePage.java:80)
at com.tutorialninja.testsuite.AccountLoginPageTest.verifyUserShouldNavigateToLoginPageSuccessfully(AccountLoginPageTest.java:19)
at sun.reflect.NativeMethodAccessorImpl.invoke0(Native Method)
at sun.reflect.NativeMethodAccessorImpl.invoke(NativeMethodAccessorImpl.java:62)
at sun.reflect.DelegatingMethodAccessorImpl.invoke(DelegatingMethodAccessorImpl.java:43)
at java.lang.reflect.Method.invoke(Method.java:498)
at org.testng.internal.invokers.MethodInvocationHelper.invokeMethod(MethodInvocationHelper.java:135)
at org.testng.internal.invokers.TestInvoker.invokeMethod(TestInvoker.java:673)
at org.testng.internal.invokers.TestInvoker.invokeTestMethod(TestInvoker.java:220)
at org.testng.internal.invokers.MethodRunner.runInSequence(MethodRunner.java:50)
at org.testng.internal.invokers.TestInvoker$MethodInvocationAgent.invoke(TestInvoker.java:945)
at org.testng.internal.invokers.TestInvoker.invokeTestMethods(TestInvoker.java:193)
at org.testng.internal.invokers.TestMethodWorker.invokeTestMethods(TestMethodWorker.java:146)
at org.testng.internal.invokers.TestMethodWorker.run(TestMethodWorker.java:128)
at java.util.ArrayList.forEach(ArrayList.java:1249)
at org.testng.TestRunner.privateRun(TestRunner.java:808)
at org.testng.TestRunner.run(TestRunner.java:603)
at org.testng.SuiteRunner.runTest(SuiteRunner.java:429)
at org.testng.SuiteRunner.runSequentially(SuiteRunner.java:423)
at org.testng.SuiteRunner.privateRun(SuiteRunner.java:383)
at org.testng.SuiteRunner.run(SuiteRunner.java:326)
at org.testng.SuiteRunnerWorker.runSuite(SuiteRunnerWorker.java:52)
at org.testng.SuiteRunnerWorker.run(SuiteRunnerWorker.java:95)
at org.testng.TestNG.runSuitesSequentially(TestNG.java:1249)
at org.testng.TestNG.runSuitesLocally(TestNG.java:1169)
at org.testng.TestNG.runSuites(TestNG.java:1092)
at org.testng.TestNG.run(TestNG.java:1060)
at com.intellij.rt.testng.IDEARemoteTestNG.run(IDEARemoteTestNG.java:66)
at com.intellij.rt.testng.RemoteTestNGStarter.main(RemoteTestNGStarter.java:109)
]]>
            </full-stacktrace>
          </exception> <!-- java.lang.NullPointerException -->
          <reporter-output>
            <line>
              <![CDATA[Click to see screenshot]]>
            </line>
            <line>
              <![CDATA[<a target = "_blank" href=C:\Users\Manisha\IdeaProjects\testng-tutorialninja.com-hw-week15/test-output/html/verifyUserShouldNavigateToLoginPageSuccessfullyWed_Dec_14_00_02_20_GMT_2022.jpg>Screenshot</a>]]>
            </line>
            <line>
              <![CDATA[<br>]]>
            </line>
            <line>
              <![CDATA[<br>]]>
            </line>
            <line>
              <![CDATA[<a target = "_blank" href=C:\Users\Manisha\IdeaProjects\testng-tutorialninja.com-hw-week15/test-output/html/verifyUserShouldNavigateToLoginPageSuccessfullyWed_Dec_14_00_02_20_GMT_2022.jpg><img src=C:\Users\Manisha\IdeaProjects\testng-tutorialninja.com-hw-week15/test-output/html/verifyUserShouldNavigateToLoginPageSuccessfullyWed_Dec_14_00_02_20_GMT_2022.jpg height=200 width=200></img></a>]]>
            </line>
          </reporter-output>
        </test-method> <!-- verifyUserShouldNavigateToLoginPageSuccessfully -->
        <test-method status="PASS" signature="tearDown()[pri:0, instance:com.tutorialninja.testsuite.AccountLoginPageTest@2df32bf7]" name="tearDown" is-config="true" duration-ms="610" started-at="2022-12-14T00:02:20 GMT" finished-at="2022-12-14T00:02:21 GMT">
          <reporter-output>
          </reporter-output>
        </test-method> <!-- tearDown -->
      </class> <!-- com.tutorialninja.testsuite.AccountLoginPageTest -->
      <class name="com.tutorialninja.testsuite.LaptopsAndNotebooksPageTest">
        <test-method status="PASS" signature="setUp()[pri:0, instance:com.tutorialninja.testsuite.LaptopsAndNotebooksPageTest@3e77a1ed]" name="setUp" is-config="true" duration-ms="2665" started-at="2022-12-14T00:03:29 GMT" finished-at="2022-12-14T00:03:32 GMT">
          <reporter-output>
          </reporter-output>
        </test-method> <!-- setUp -->
        <test-method status="PASS" signature="inIt()[pri:0, instance:com.tutorialninja.testsuite.LaptopsAndNotebooksPageTest@3e77a1ed]" name="inIt" is-config="true" duration-ms="4" started-at="2022-12-14T00:03:32 GMT" finished-at="2022-12-14T00:03:32 GMT">
          <reporter-output>
          </reporter-output>
        </test-method> <!-- inIt -->
        <test-method status="PASS" signature="verifyProductsPriceDisplayHighToLowSuccessfully()[pri:0, instance:com.tutorialninja.testsuite.LaptopsAndNotebooksPageTest@3e77a1ed]" name="verifyProductsPriceDisplayHighToLowSuccessfully" duration-ms="1773" started-at="2022-12-14T00:03:32 GMT" finished-at="2022-12-14T00:03:33 GMT">
          <reporter-output>
            <line>
              <![CDATA[click on laptop and notebook link[[ChromeDriver: chrome on WINDOWS (e71bdf1a5652fd41f0d483654e2e3b5b)] -> link text: Laptops & Notebooks]]]>
            </line>
          </reporter-output>
        </test-method> <!-- verifyProductsPriceDisplayHighToLowSuccessfully -->
        <test-method status="PASS" signature="tearDown()[pri:0, instance:com.tutorialninja.testsuite.LaptopsAndNotebooksPageTest@3e77a1ed]" name="tearDown" is-config="true" duration-ms="646" started-at="2022-12-14T00:03:33 GMT" finished-at="2022-12-14T00:03:34 GMT">
          <reporter-output>
          </reporter-output>
        </test-method> <!-- tearDown -->
        <test-method status="PASS" signature="setUp()[pri:0, instance:com.tutorialninja.testsuite.LaptopsAndNotebooksPageTest@3e77a1ed]" name="setUp" is-config="true" duration-ms="2725" started-at="2022-12-14T00:03:34 GMT" finished-at="2022-12-14T00:03:37 GMT">
          <reporter-output>
          </reporter-output>
        </test-method> <!-- setUp -->
        <test-method status="PASS" signature="inIt()[pri:0, instance:com.tutorialninja.testsuite.LaptopsAndNotebooksPageTest@3e77a1ed]" name="inIt" is-config="true" duration-ms="1" started-at="2022-12-14T00:03:37 GMT" finished-at="2022-12-14T00:03:37 GMT">
          <reporter-output>
          </reporter-output>
        </test-method> <!-- inIt -->
        <test-method status="FAIL" signature="verifyThatUserPlaceOrderSuccessfully()[pri:0, instance:com.tutorialninja.testsuite.LaptopsAndNotebooksPageTest@3e77a1ed]" name="verifyThatUserPlaceOrderSuccessfully" duration-ms="4052" started-at="2022-12-14T00:03:37 GMT" finished-at="2022-12-14T00:03:41 GMT">
          <exception class="java.lang.AssertionError">
            <message>
              <![CDATA[The following asserts failed:
Total not matched expected [737.45] but found [4,424.70]]]>
            </message>
            <full-stacktrace>
              <![CDATA[java.lang.AssertionError: The following asserts failed:
Total not matched expected [737.45] but found [4,424.70]
at org.testng.asserts.SoftAssert.assertAll(SoftAssert.java:46)
at org.testng.asserts.SoftAssert.assertAll(SoftAssert.java:30)
at com.tutorialninja.testsuite.LaptopsAndNotebooksPageTest.verifyThatUserPlaceOrderSuccessfully(LaptopsAndNotebooksPageTest.java:69)
at sun.reflect.NativeMethodAccessorImpl.invoke0(Native Method)
at sun.reflect.NativeMethodAccessorImpl.invoke(NativeMethodAccessorImpl.java:62)
at sun.reflect.DelegatingMethodAccessorImpl.invoke(DelegatingMethodAccessorImpl.java:43)
at java.lang.reflect.Method.invoke(Method.java:498)
at org.testng.internal.invokers.MethodInvocationHelper.invokeMethod(MethodInvocationHelper.java:135)
at org.testng.internal.invokers.TestInvoker.invokeMethod(TestInvoker.java:673)
at org.testng.internal.invokers.TestInvoker.invokeTestMethod(TestInvoker.java:220)
at org.testng.internal.invokers.MethodRunner.runInSequence(MethodRunner.java:50)
at org.testng.internal.invokers.TestInvoker$MethodInvocationAgent.invoke(TestInvoker.java:945)
at org.testng.internal.invokers.TestInvoker.invokeTestMethods(TestInvoker.java:193)
at org.testng.internal.invokers.TestMethodWorker.invokeTestMethods(TestMethodWorker.java:146)
at org.testng.internal.invokers.TestMethodWorker.run(TestMethodWorker.java:128)
at java.util.ArrayList.forEach(ArrayList.java:1249)
at org.testng.TestRunner.privateRun(TestRunner.java:808)
at org.testng.TestRunner.run(TestRunner.java:603)
at org.testng.SuiteRunner.runTest(SuiteRunner.java:429)
at org.testng.SuiteRunner.runSequentially(SuiteRunner.java:423)
at org.testng.SuiteRunner.privateRun(SuiteRunner.java:383)
at org.testng.SuiteRunner.run(SuiteRunner.java:326)
at org.testng.SuiteRunnerWorker.runSuite(SuiteRunnerWorker.java:52)
at org.testng.SuiteRunnerWorker.run(SuiteRunnerWorker.java:95)
at org.testng.TestNG.runSuitesSequentially(TestNG.java:1249)
at org.testng.TestNG.runSuitesLocally(TestNG.java:1169)
at org.testng.TestNG.runSuites(TestNG.java:1092)
at org.testng.TestNG.run(TestNG.java:1060)
at com.intellij.rt.testng.IDEARemoteTestNG.run(IDEARemoteTestNG.java:66)
at com.intellij.rt.testng.RemoteTestNGStarter.main(RemoteTestNGStarter.java:109)
]]>
            </full-stacktrace>
          </exception> <!-- java.lang.AssertionError -->
          <reporter-output>
            <line>
              <![CDATA[click on laptop and notebook link[[ChromeDriver: chrome on WINDOWS (8d7de1d2189fd72cef8ef9b2abbf01ba)] -> link text: Laptops & Notebooks]]]>
            </line>
            <line>
              <![CDATA[get text[[ChromeDriver: chrome on WINDOWS (8d7de1d2189fd72cef8ef9b2abbf01ba)] -> xpath: //div[@id = 'content']//h1]]]>
            </line>
            <line>
              <![CDATA[click on add to cart button[[ChromeDriver: chrome on WINDOWS (8d7de1d2189fd72cef8ef9b2abbf01ba)] -> xpath: //button[@id='button-cart']]]]>
            </line>
            <line>
              <![CDATA[ get text from shopping cart[[ChromeDriver: chrome on WINDOWS (8d7de1d2189fd72cef8ef9b2abbf01ba)] -> xpath: //div[@id='content']//h1]]]>
            </line>
            <line>
              <![CDATA[ get product name[[ChromeDriver: chrome on WINDOWS (8d7de1d2189fd72cef8ef9b2abbf01ba)] -> xpath: //div[@class = 'table-responsive']/table/tbody/tr/td[2]/a]]]>
            </line>
            <line>
              <![CDATA[qty changeBy.xpath: //input[contains(@name, 'quantity')]]]>
            </line>
            <line>
              <![CDATA[qty update By.xpath: //button[contains(@data-original-title, 'Update')]]]>
            </line>
            <line>
              <![CDATA[modified messageBy.xpath: //div[@id='checkout-cart']/div[1]]]>
            </line>
            <line>
              <![CDATA[get totalBy.xpath: //div[@class = 'table-responsive']/table/tbody/tr/td[6]]]>
            </line>
            <line>
              <![CDATA[Click to see screenshot]]>
            </line>
            <line>
              <![CDATA[<a target = "_blank" href=C:\Users\Manisha\IdeaProjects\testng-tutorialninja.com-hw-week15/test-output/html/verifyThatUserPlaceOrderSuccessfullyWed_Dec_14_00_03_41_GMT_2022.jpg>Screenshot</a>]]>
            </line>
            <line>
              <![CDATA[<br>]]>
            </line>
            <line>
              <![CDATA[<br>]]>
            </line>
            <line>
              <![CDATA[<a target = "_blank" href=C:\Users\Manisha\IdeaProjects\testng-tutorialninja.com-hw-week15/test-output/html/verifyThatUserPlaceOrderSuccessfullyWed_Dec_14_00_03_41_GMT_2022.jpg><img src=C:\Users\Manisha\IdeaProjects\testng-tutorialninja.com-hw-week15/test-output/html/verifyThatUserPlaceOrderSuccessfullyWed_Dec_14_00_03_41_GMT_2022.jpg height=200 width=200></img></a>]]>
            </line>
          </reporter-output>
        </test-method> <!-- verifyThatUserPlaceOrderSuccessfully -->
        <test-method status="PASS" signature="tearDown()[pri:0, instance:com.tutorialninja.testsuite.LaptopsAndNotebooksPageTest@3e77a1ed]" name="tearDown" is-config="true" duration-ms="649" started-at="2022-12-14T00:03:41 GMT" finished-at="2022-12-14T00:03:42 GMT">
          <reporter-output>
          </reporter-output>
        </test-method> <!-- tearDown -->
      </class> <!-- com.tutorialninja.testsuite.LaptopsAndNotebooksPageTest -->
    </test> <!-- Login Test -->
  </suite> <!-- testsuite -->
</testng-results>
